<?xml version="1.0" encoding="UTF-8"?>
<!-- Generated by org.testng.reporters.JUnitReportReporter -->
<testsuite hostname="Aslihans-MBP.home" failures="0" tests="5" name="com.build.qa.build.selenium.tests.FergusonTest" time="176.338" errors="0" timestamp="20 Jun 2022 04:05:25 GMT">
  <testcase classname="com.build.qa.build.selenium.tests.FergusonTest" name="Stage2_searchForProductLandsOnCorrectProduct" time="10.969"/>
  <testcase classname="com.build.qa.build.selenium.tests.FergusonTest" name="Stage1_navigateToHomePage" time="7.079"/>
  <testcase classname="com.build.qa.build.selenium.tests.FergusonTest" name="Stage3_addProductToCartFromCategoryDrop" time="28.694"/>
  <testcase classname="com.build.qa.build.selenium.tests.FergusonTest" name="Stage4_addMultipleCartItemsAndChangeQuantity" time="66.100"/>
  <testcase classname="com.build.qa.build.selenium.tests.FergusonTest" name="Stage5_facetNarrowBysResultInCorrectProductCounts" time="63.496"/>
</testsuite> <!-- com.build.qa.build.selenium.tests.FergusonTest -->
