<?xml version="1.0" encoding="UTF-8"?>
<!-- Generated by org.testng.reporters.JUnitReportReporter -->
<testsuite hostname="Aslihans-MBP.home" failures="0" tests="5" name="com.build.qa.build.selenium.tests.FergusonTest" time="176.914" errors="0" timestamp="20 Jun 2022 03:52:02 GMT">
  <testcase classname="com.build.qa.build.selenium.tests.FergusonTest" name="Stage2_searchForProductLandsOnCorrectProduct" time="8.610"/>
  <testcase classname="com.build.qa.build.selenium.tests.FergusonTest" name="Stage1_navigateToHomePage" time="4.882"/>
  <testcase classname="com.build.qa.build.selenium.tests.FergusonTest" name="Stage3_addProductToCartFromCategoryDrop" time="31.867"/>
  <testcase classname="com.build.qa.build.selenium.tests.FergusonTest" name="Stage4_addMultipleCartItemsAndChangeQuantity" time="69.607"/>
  <testcase classname="com.build.qa.build.selenium.tests.FergusonTest" name="Stage5_facetNarrowBysResultInCorrectProductCounts" time="61.948"/>
</testsuite> <!-- com.build.qa.build.selenium.tests.FergusonTest -->
